Using pre-set license
Built from '2020.3/release' branch; Version is '2020.3.12f1 (b3b2c6512326) revision 11776710'; Using compiler version '192528614'; Build Type 'Release'
OS: 'Windows 10 Pro; OS build 19042.1110; Version 2009; 64bit' Language: 'en' Physical Memory: 32718 MB
BatchMode: 1, IsHumanControllingUs: 0, StartBugReporterOnCrash: 0, Is64bit: 1, IsPro: 0

 COMMAND LINE ARGUMENTS:
C:\Program Files\Unity\Hub\Editor\2020.3.12f1\Editor\Unity.exe
-adb2
-batchMode
-noUpm
-name
AssetImportWorker0
-projectPath
C:/Users/Vi Tiet/Desktop/GitHub Projects/VT-Unity-Framework
-logFile
Logs/AssetImportWorker0.log
-srvPort
29575
Successfully changed project path to: C:/Users/Vi Tiet/Desktop/GitHub Projects/VT-Unity-Framework
C:/Users/Vi Tiet/Desktop/GitHub Projects/VT-Unity-Framework
Using Asset Import Pipeline V2.
Refreshing native plugins compatible for Editor in 54.44 ms, found 2 plugins.
Preloading 0 native plugins for Editor in 0.00 ms.
Initialize engine version: 2020.3.12f1 (b3b2c6512326)
[Subsystems] Discovering subsystems at path C:/Program Files/Unity/Hub/Editor/2020.3.12f1/Editor/Data/Resources/UnitySubsystems
[Subsystems] Discovering subsystems at path C:/Users/Vi Tiet/Desktop/GitHub Projects/VT-Unity-Framework/Assets
GfxDevice: creating device client; threaded=0
Direct3D:
    Version:  Direct3D 11.0 [level 11.1]
    Renderer: NVIDIA GeForce RTX 2080 (ID=0x1e87)
    Vendor:   
    VRAM:     8010 MB
    Driver:   27.21.14.6627
Shader 'Universal Render Pipeline/Particles/Lit': fallback shader 'Universal Render Pipeline/Particles/SimpleLit' not found
Initialize mono
Mono path[0] = 'C:/Program Files/Unity/Hub/Editor/2020.3.12f1/Editor/Data/Managed'
Mono path[1] = 'C:/Program Files/Unity/Hub/Editor/2020.3.12f1/Editor/Data/MonoBleedingEdge/lib/mono/unityjit'
Mono config path = 'C:/Program Files/Unity/Hub/Editor/2020.3.12f1/Editor/Data/MonoBleedingEdge/etc'
Using monoOptions --debugger-agent=transport=dt_socket,embedding=1,server=y,suspend=n,address=127.0.0.1:56784
Begin MonoManager ReloadAssembly
Registering precompiled unity dll's ...
Register platform support module: C:/Program Files/Unity/Hub/Editor/2020.3.12f1/Editor/Data/PlaybackEngines/WindowsStandaloneSupport/UnityEditor.WindowsStandalone.Extensions.dll
Registered in 0.002508 seconds.
Native extension for WindowsStandalone target not found
Refreshing native plugins compatible for Editor in 51.40 ms, found 2 plugins.
Preloading 0 native plugins for Editor in 0.00 ms.
Mono: successfully reloaded assembly
- Completed reload, in  1.203 seconds
Platform modules already initialized, skipping
Registering precompiled user dll's ...
Registered in 0.006379 seconds.
Begin MonoManager ReloadAssembly
Native extension for WindowsStandalone target not found
Refreshing native plugins compatible for Editor in 52.99 ms, found 2 plugins.
Preloading 0 native plugins for Editor in 0.00 ms.
Mono: successfully reloaded assembly
- Completed reload, in  1.098 seconds
Platform modules already initialized, skipping
========================================================================
Worker process is ready to serve import requests
Shader 'Universal Render Pipeline/Particles/Lit': fallback shader 'Universal Render Pipeline/Particles/SimpleLit' not found
Launched and connected shader compiler UnityShaderCompiler.exe after 0.05 seconds
Refreshing native plugins compatible for Editor in 0.58 ms, found 2 plugins.
Preloading 0 native plugins for Editor in 0.00 ms.
Unloading 2831 Unused Serialized files (Serialized files now loaded: 0)
System memory in use before: 130.7 MB.
System memory in use after: 130.9 MB.

Unloading 19 unused Assets to reduce memory usage. Loaded Objects now: 3272.
Total: 2.387200 ms (FindLiveObjects: 0.300900 ms CreateObjectMapping: 0.108000 ms MarkObjects: 1.900600 ms  DeleteObjects: 0.076500 ms)

AssetImportParameters requested are different than current active one (requested -> active):
  custom:framework-win-MediaFoundation: 216162199b28c13a410421893ffa2e32 -> 
  custom:video-decoder-ogg-theora: a1e56fd34408186e4bbccfd4996cb3dc -> 
  custom:container-muxer-webm: aa71ff27fc2769a1b78a27578f13a17b -> 
  custom:container-demuxer-webm: 4f35f7cbe854078d1ac9338744f61a02 -> 
  custom:container-demuxer-ogg: 62fdf1f143b41e24485cea50d1cbac27 -> 
  custom:video-encoder-webm-vp8: eb34c28f22e8b96e1ab97ce403110664 -> 
  custom:video-codec-MediaFoundation-h265: 746d11721c4dcdbdad8f713fa42b33f4 -> 
  custom:video-decoder-webm-vp8: 9c59270c3fd7afecdb556c50c9e8de78 -> 
  custom:audio-decoder-ogg-vorbis: bf7c407c2cedff20999df2af8eb42d56 -> 
  custom:audio-encoder-webm-vorbis: bf7c407c2cedff20999df2af8eb42d56 -> 
========================================================================
Received Import Request.
  path: Assets/VT-Framework-v1.0/Scripts/Gameplay/UI
  artifactKey: Guid(f96fb5477f466cc48b0939f2f9b13455) Importer(815301076,1909f56bfc062723c751e8b465ee728b)
Start importing Assets/VT-Framework-v1.0/Scripts/Gameplay/UI using Guid(f96fb5477f466cc48b0939f2f9b13455) Importer(815301076,1909f56bfc062723c751e8b465ee728b)  -> (artifact id: 'e7a23a234cec14f90960c82cce9c3cb8') in 0.008778 seconds 
  Import took 0.012971 seconds .

========================================================================
Received Import Request.
  Time since last request: 75.875371 seconds.
  path: Assets/VT-Framework-v1.0/Asset Cleaner/Utils
  artifactKey: Guid(8f9623ba76cbf214994b7b865c65f362) Importer(815301076,1909f56bfc062723c751e8b465ee728b)
Start importing Assets/VT-Framework-v1.0/Asset Cleaner/Utils using Guid(8f9623ba76cbf214994b7b865c65f362) Importer(815301076,1909f56bfc062723c751e8b465ee728b)  -> (artifact id: '05c22ebe3069f5491ad043734c8c22e0') in 0.007378 seconds 
  Import took 0.011860 seconds .

========================================================================
Received Import Request.
  Time since last request: 58.228729 seconds.
  path: Assets/VT-Framework-v1.0/Scripts/Code Generator/Editor/Generators
  artifactKey: Guid(81d4ea34bed419c4eaa8cf9d4c245712) Importer(815301076,1909f56bfc062723c751e8b465ee728b)
Start importing Assets/VT-Framework-v1.0/Scripts/Code Generator/Editor/Generators using Guid(81d4ea34bed419c4eaa8cf9d4c245712) Importer(815301076,1909f56bfc062723c751e8b465ee728b)  -> (artifact id: '477fff2e12f2fe4c197a0d1aae746b0f') in 0.007456 seconds 
  Import took 0.011694 seconds .

========================================================================
Received Import Request.
  Time since last request: 2.257599 seconds.
  path: Assets/VT-Framework-v1.0/Scripts/Code Generator/Editor/Generators/Class
  artifactKey: Guid(7da072618b313b349973dd190ce0f84e) Importer(815301076,1909f56bfc062723c751e8b465ee728b)
Start importing Assets/VT-Framework-v1.0/Scripts/Code Generator/Editor/Generators/Class using Guid(7da072618b313b349973dd190ce0f84e) Importer(815301076,1909f56bfc062723c751e8b465ee728b)  -> (artifact id: 'b8ff396c208702a47544034ac47f1ff3') in 0.006524 seconds 
  Import took 0.010626 seconds .

========================================================================
Received Import Request.
  Time since last request: 0.632848 seconds.
  path: Assets/VT-Framework-v1.0/Scripts/Code Generator/Editor/Generators/CodeGeneratorUtils.cs
  artifactKey: Guid(47ff8ff9999fd1542bf4a7656d17e8c0) Importer(815301076,1909f56bfc062723c751e8b465ee728b)
Start importing Assets/VT-Framework-v1.0/Scripts/Code Generator/Editor/Generators/CodeGeneratorUtils.cs using Guid(47ff8ff9999fd1542bf4a7656d17e8c0) Importer(815301076,1909f56bfc062723c751e8b465ee728b)  -> (artifact id: '9f1744703cb674ab9f2e6a2c1c1ae4ff') in 0.045209 seconds 
  Import took 0.049510 seconds .

========================================================================
Received Import Request.
  Time since last request: 1.606472 seconds.
  path: Assets/VT-Framework-v1.0/Scripts/Code Generator/Editor/Generators/Enums
  artifactKey: Guid(ecf82c2687230504db54f3ea1cc9d90a) Importer(815301076,1909f56bfc062723c751e8b465ee728b)
Start importing Assets/VT-Framework-v1.0/Scripts/Code Generator/Editor/Generators/Enums using Guid(ecf82c2687230504db54f3ea1cc9d90a) Importer(815301076,1909f56bfc062723c751e8b465ee728b)  -> (artifact id: '0b67235e4e4ffb58ac8c7660bf53a445') in 0.006786 seconds 
  Import took 0.011960 seconds .

========================================================================
Received Import Request.
  Time since last request: 0.001021 seconds.
  path: Assets/VT-Framework-v1.0/Scripts/Code Generator/Editor/Generators/Enums
  artifactKey: Guid(ecf82c2687230504db54f3ea1cc9d90a) Importer(815301076,1909f56bfc062723c751e8b465ee728b)
Start importing Assets/VT-Framework-v1.0/Scripts/Code Generator/Editor/Generators/Enums using Guid(ecf82c2687230504db54f3ea1cc9d90a) Importer(815301076,1909f56bfc062723c751e8b465ee728b)  -> (artifact id: '0b67235e4e4ffb58ac8c7660bf53a445') in 0.003041 seconds 
  Import took 0.007482 seconds .

========================================================================
Received Import Request.
  Time since last request: 507.173002 seconds.
  path: Assets/VT-Framework-v1.0/Scripts/Audio
  artifactKey: Guid(a998bf7d5e54e3d4db6f0a0ce73229a6) Importer(815301076,1909f56bfc062723c751e8b465ee728b)
Start importing Assets/VT-Framework-v1.0/Scripts/Audio using Guid(a998bf7d5e54e3d4db6f0a0ce73229a6) Importer(815301076,1909f56bfc062723c751e8b465ee728b)  -> (artifact id: 'adb84e7b530b1ce335d9683df84af531') in 0.010878 seconds 
  Import took 0.017548 seconds .

========================================================================
Received Import Request.
  Time since last request: 4.570971 seconds.
  path: Assets/VT-Framework-v1.0/Scripts/Audio/Enum
  artifactKey: Guid(2c2a9bb7721193b42982cc493dca27a9) Importer(815301076,1909f56bfc062723c751e8b465ee728b)
Start importing Assets/VT-Framework-v1.0/Scripts/Audio/Enum using Guid(2c2a9bb7721193b42982cc493dca27a9) Importer(815301076,1909f56bfc062723c751e8b465ee728b)  -> (artifact id: '738cb2c417a379074152a41c4abfc9a8') in 0.007874 seconds 
  Import took 0.012997 seconds .

========================================================================
Received Import Request.
  Time since last request: 9.923343 seconds.
  path: Assets/VT-Framework-v1.0/Scripts/Audio/Enum/AudioTrack.cs
  artifactKey: Guid(823a86f34e544bf4182618dd34631c3e) Importer(815301076,1909f56bfc062723c751e8b465ee728b)
Start importing Assets/VT-Framework-v1.0/Scripts/Audio/Enum/AudioTrack.cs using Guid(823a86f34e544bf4182618dd34631c3e) Importer(815301076,1909f56bfc062723c751e8b465ee728b)  -> (artifact id: '1421216e88eb486a95de0c7958f91bf8') in 0.008044 seconds 
  Import took 0.013295 seconds .

========================================================================
Received Import Request.
  Time since last request: 22.145272 seconds.
  path: Assets/VT-Framework-v1.0/Scripts/Audio/Enum/AudioTrack.cs
  artifactKey: Guid(823a86f34e544bf4182618dd34631c3e) Importer(815301076,1909f56bfc062723c751e8b465ee728b)
Start importing Assets/VT-Framework-v1.0/Scripts/Audio/Enum/AudioTrack.cs using Guid(823a86f34e544bf4182618dd34631c3e) Importer(815301076,1909f56bfc062723c751e8b465ee728b)  -> (artifact id: '95c505c38232ef415a2ddfa96eb7d64c') in 0.004364 seconds 
  Import took 0.009327 seconds .

========================================================================
Received Import Request.
  Time since last request: 14.190745 seconds.
  path: Assets/VT-Framework-v1.0/Scripts/Audio/Enum/AudioTrack.cs
  artifactKey: Guid(823a86f34e544bf4182618dd34631c3e) Importer(815301076,1909f56bfc062723c751e8b465ee728b)
Start importing Assets/VT-Framework-v1.0/Scripts/Audio/Enum/AudioTrack.cs using Guid(823a86f34e544bf4182618dd34631c3e) Importer(815301076,1909f56bfc062723c751e8b465ee728b)  -> (artifact id: '26e40226dcbeb69e45826f9fa374f77d') in 0.004725 seconds 
  Import took 0.009151 seconds .

========================================================================
Received Import Request.
  Time since last request: 29.710844 seconds.
  path: Assets/VT-Framework-v1.0/Scripts/Audio/Enum/AudioTrack.cs
  artifactKey: Guid(823a86f34e544bf4182618dd34631c3e) Importer(815301076,1909f56bfc062723c751e8b465ee728b)
Start importing Assets/VT-Framework-v1.0/Scripts/Audio/Enum/AudioTrack.cs using Guid(823a86f34e544bf4182618dd34631c3e) Importer(815301076,1909f56bfc062723c751e8b465ee728b)  -> (artifact id: '36dae9d6b9c672613c9171fc833c7436') in 0.011309 seconds 
  Import took 0.017366 seconds .

========================================================================
Received Import Request.
  Time since last request: 143.063797 seconds.
  path: Assets/VT-Framework-v1.0/Scripts/Audio/Enums
  artifactKey: Guid(2c2a9bb7721193b42982cc493dca27a9) Importer(815301076,1909f56bfc062723c751e8b465ee728b)
Start importing Assets/VT-Framework-v1.0/Scripts/Audio/Enums using Guid(2c2a9bb7721193b42982cc493dca27a9) Importer(815301076,1909f56bfc062723c751e8b465ee728b)  -> (artifact id: '87a1dcf7f8c2538a9559b033e31e6e33') in 0.004319 seconds 
  Import took 0.009124 seconds .

========================================================================
Received Import Request.
  Time since last request: 0.000902 seconds.
  path: Assets/VT-Framework-v1.0/Scripts/Audio/Enums
  artifactKey: Guid(2c2a9bb7721193b42982cc493dca27a9) Importer(815301076,1909f56bfc062723c751e8b465ee728b)
Start importing Assets/VT-Framework-v1.0/Scripts/Audio/Enums using Guid(2c2a9bb7721193b42982cc493dca27a9) Importer(815301076,1909f56bfc062723c751e8b465ee728b)  -> (artifact id: '87a1dcf7f8c2538a9559b033e31e6e33') in 0.003516 seconds 
  Import took 0.007775 seconds .

========================================================================
Received Import Request.
  Time since last request: 7.202958 seconds.
  path: Assets/VT-Framework-v1.0/Scripts/Audio/Enums/MusicTrack.cs
  artifactKey: Guid(16db3a51667e7b04ca3170e135ebf93a) Importer(815301076,1909f56bfc062723c751e8b465ee728b)
Start importing Assets/VT-Framework-v1.0/Scripts/Audio/Enums/MusicTrack.cs using Guid(16db3a51667e7b04ca3170e135ebf93a) Importer(815301076,1909f56bfc062723c751e8b465ee728b)  -> (artifact id: '02af60aaec8ffd8e04686d8cad59a4b0') in 0.009661 seconds 
  Import took 0.014598 seconds .

========================================================================
Received Import Request.
  Time since last request: 6.545541 seconds.
  path: Assets/VT-Framework-v1.0/Scripts/Audio/Enums/SFXTrack.cs
  artifactKey: Guid(911eb6f8ee1704b4cbe955c32f2152e0) Importer(815301076,1909f56bfc062723c751e8b465ee728b)
Start importing Assets/VT-Framework-v1.0/Scripts/Audio/Enums/SFXTrack.cs using Guid(911eb6f8ee1704b4cbe955c32f2152e0) Importer(815301076,1909f56bfc062723c751e8b465ee728b)  -> (artifact id: '5225c6b64b27d12e719574a2498950b4') in 0.009317 seconds 
  Import took 0.015151 seconds .

========================================================================
Received Import Request.
  Time since last request: 30.346192 seconds.
  path: Assets/VT-Framework-v1.0/Scripts/Audio/Enums/MusicTrack.cs
  artifactKey: Guid(16db3a51667e7b04ca3170e135ebf93a) Importer(815301076,1909f56bfc062723c751e8b465ee728b)
Start importing Assets/VT-Framework-v1.0/Scripts/Audio/Enums/MusicTrack.cs using Guid(16db3a51667e7b04ca3170e135ebf93a) Importer(815301076,1909f56bfc062723c751e8b465ee728b)  -> (artifact id: '5e3f8e79ea29bfb63cd830bf7aabd9f6') in 0.004725 seconds 
  Import took 0.009571 seconds .

========================================================================
Received Import Request.
  Time since last request: 30.396983 seconds.
  path: Assets/VT-Framework-v1.0/Scripts/Audio/Enums/SFXTrack.cs
  artifactKey: Guid(911eb6f8ee1704b4cbe955c32f2152e0) Importer(815301076,1909f56bfc062723c751e8b465ee728b)
Start importing Assets/VT-Framework-v1.0/Scripts/Audio/Enums/SFXTrack.cs using Guid(911eb6f8ee1704b4cbe955c32f2152e0) Importer(815301076,1909f56bfc062723c751e8b465ee728b)  -> (artifact id: 'd971b795e760f80b747612467f82eec5') in 0.040865 seconds 
  Import took 0.046264 seconds .

========================================================================
Received Import Request.
  Time since last request: 50.332241 seconds.
  path: Assets/VT-Framework-v1.0/Scripts/Utilities/GameObject Pooling/Enums
  artifactKey: Guid(bc16b3c28a6589542bac6a9f10a4630c) Importer(815301076,1909f56bfc062723c751e8b465ee728b)
Start importing Assets/VT-Framework-v1.0/Scripts/Utilities/GameObject Pooling/Enums using Guid(bc16b3c28a6589542bac6a9f10a4630c) Importer(815301076,1909f56bfc062723c751e8b465ee728b)  -> (artifact id: 'f35f401b501f029f6ee3995d91b88dc4') in 0.004494 seconds 
  Import took 0.009237 seconds .

========================================================================
Received Import Request.
  Time since last request: 8.172604 seconds.
  path: Assets/VT-Framework-v1.0/Scripts/Utilities/GameObject Pooling/Enums/PoolType.cs
  artifactKey: Guid(4c81e48a411ff34409be0df78f198479) Importer(815301076,1909f56bfc062723c751e8b465ee728b)
Start importing Assets/VT-Framework-v1.0/Scripts/Utilities/GameObject Pooling/Enums/PoolType.cs using Guid(4c81e48a411ff34409be0df78f198479) Importer(815301076,1909f56bfc062723c751e8b465ee728b)  -> (artifact id: '71ca6a6aa558ec493b0a53ddbdfa57e5') in 0.007451 seconds 
  Import took 0.013711 seconds .

========================================================================
Received Import Request.
  Time since last request: 59.819472 seconds.
  path: Assets/VT-Framework-v1.0/Scripts/Utilities/GameObject Pooling/Enums/PoolType.cs
  artifactKey: Guid(4c81e48a411ff34409be0df78f198479) Importer(815301076,1909f56bfc062723c751e8b465ee728b)
Start importing Assets/VT-Framework-v1.0/Scripts/Utilities/GameObject Pooling/Enums/PoolType.cs using Guid(4c81e48a411ff34409be0df78f198479) Importer(815301076,1909f56bfc062723c751e8b465ee728b)  -> (artifact id: '55355633beea5611d4e92ca473a6632f') in 0.004086 seconds 
  Import took 0.008560 seconds .

========================================================================
Received Import Request.
  Time since last request: 34.951581 seconds.
  path: Assets/VT-Framework-v1.0/Scripts/Utilities/GameObject Pooling/Enums/PoolType.cs
  artifactKey: Guid(4c81e48a411ff34409be0df78f198479) Importer(815301076,1909f56bfc062723c751e8b465ee728b)
Start importing Assets/VT-Framework-v1.0/Scripts/Utilities/GameObject Pooling/Enums/PoolType.cs using Guid(4c81e48a411ff34409be0df78f198479) Importer(815301076,1909f56bfc062723c751e8b465ee728b)  -> (artifact id: '4adae29a9a7011cc613bba7879228d0e') in 0.009038 seconds 
  Import took 0.013899 seconds .

========================================================================
Received Import Request.
  Time since last request: 211.063221 seconds.
  path: Assets/VT-Framework-v1.0/Scripts/Interfaces
  artifactKey: Guid(f62a03526ea863e4b9a56774f0c8aae0) Importer(815301076,1909f56bfc062723c751e8b465ee728b)
Start importing Assets/VT-Framework-v1.0/Scripts/Interfaces using Guid(f62a03526ea863e4b9a56774f0c8aae0) Importer(815301076,1909f56bfc062723c751e8b465ee728b)  -> (artifact id: 'b5fb80e4621a33c0ba6537202bd2c6cc') in 0.007874 seconds 
  Import took 0.013000 seconds .

========================================================================
Received Import Request.
  Time since last request: 5.585801 seconds.
  path: Assets/VT-Framework-v1.0/Scripts/Interfaces/ISavable.cs
  artifactKey: Guid(c1de162c418dafd419a1b6c523dfff1d) Importer(815301076,1909f56bfc062723c751e8b465ee728b)
Start importing Assets/VT-Framework-v1.0/Scripts/Interfaces/ISavable.cs using Guid(c1de162c418dafd419a1b6c523dfff1d) Importer(815301076,1909f56bfc062723c751e8b465ee728b)  -> (artifact id: 'dae859c9eda44ff4d91b69ef97326b2a') in 0.008236 seconds 
  Import took 0.013602 seconds .

========================================================================
Received Import Request.
  Time since last request: 31.420066 seconds.
  path: Assets/VT-Framework-v1.0/Scripts/Interfaces/ISavable.cs
  artifactKey: Guid(c1de162c418dafd419a1b6c523dfff1d) Importer(815301076,1909f56bfc062723c751e8b465ee728b)
Start importing Assets/VT-Framework-v1.0/Scripts/Interfaces/ISavable.cs using Guid(c1de162c418dafd419a1b6c523dfff1d) Importer(815301076,1909f56bfc062723c751e8b465ee728b)  -> (artifact id: '3aeefcbd596b22acd38a7d8ee67dd889') in 0.004265 seconds 
  Import took 0.009364 seconds .

========================================================================
Received Import Request.
  Time since last request: 92.185499 seconds.
  path: Assets/VT-Framework-v1.0/Scripts/Interfaces/IAdjustable.cs
  artifactKey: Guid(f73731a820af63e4ca78238b8379d4db) Importer(815301076,1909f56bfc062723c751e8b465ee728b)
Start importing Assets/VT-Framework-v1.0/Scripts/Interfaces/IAdjustable.cs using Guid(f73731a820af63e4ca78238b8379d4db) Importer(815301076,1909f56bfc062723c751e8b465ee728b)  -> (artifact id: '31c818df3dc883d6537faeba128950ef') in 0.009458 seconds 
  Import took 0.014342 seconds .

========================================================================
Received Import Request.
  Time since last request: 35.086493 seconds.
  path: Assets/VT-Framework-v1.0/Scripts/Interfaces/IAdjustable.cs
  artifactKey: Guid(f73731a820af63e4ca78238b8379d4db) Importer(815301076,1909f56bfc062723c751e8b465ee728b)
Start importing Assets/VT-Framework-v1.0/Scripts/Interfaces/IAdjustable.cs using Guid(f73731a820af63e4ca78238b8379d4db) Importer(815301076,1909f56bfc062723c751e8b465ee728b)  -> (artifact id: '4d18cfd0791234d7de843f3d1f9b87d6') in 0.003900 seconds 
  Import took 0.008551 seconds .

========================================================================
Received Import Request.
  Time since last request: 47.399435 seconds.
  path: Assets/VT-Framework-v1.0/Scripts/Utilities/Enums
  artifactKey: Guid(67303a6fb27485544abcfabaf67c5eec) Importer(815301076,1909f56bfc062723c751e8b465ee728b)
Start importing Assets/VT-Framework-v1.0/Scripts/Utilities/Enums using Guid(67303a6fb27485544abcfabaf67c5eec) Importer(815301076,1909f56bfc062723c751e8b465ee728b)  -> (artifact id: 'a144b4e1365af74530ca7b6c2b030af5') in 0.003974 seconds 
  Import took 0.008365 seconds .

========================================================================
Received Import Request.
  Time since last request: 9.661805 seconds.
  path: Assets/VT-Framework-v1.0/Scripts/Utilities/Enums/SortingLayers.cs
  artifactKey: Guid(eed55349a7abe4944ad3a3156896ae86) Importer(815301076,1909f56bfc062723c751e8b465ee728b)
Start importing Assets/VT-Framework-v1.0/Scripts/Utilities/Enums/SortingLayers.cs using Guid(eed55349a7abe4944ad3a3156896ae86) Importer(815301076,1909f56bfc062723c751e8b465ee728b)  -> (artifact id: 'c4db7085ea330e34b6c4a43ccf2dd89d') in 0.009199 seconds 
  Import took 0.014843 seconds .

========================================================================
Received Import Request.
  Time since last request: 18.457102 seconds.
  path: Assets/VT-Framework-v1.0/Scripts/Utilities/Enums/SortingLayers.cs
  artifactKey: Guid(eed55349a7abe4944ad3a3156896ae86) Importer(815301076,1909f56bfc062723c751e8b465ee728b)
Start importing Assets/VT-Framework-v1.0/Scripts/Utilities/Enums/SortingLayers.cs using Guid(eed55349a7abe4944ad3a3156896ae86) Importer(815301076,1909f56bfc062723c751e8b465ee728b)  -> (artifact id: '57bdce7b17e5d9245176a81ff8d1bfea') in 0.004694 seconds 
  Import took 0.010053 seconds .

========================================================================
Received Import Request.
  Time since last request: 17.652990 seconds.
  path: Assets/VT-Framework-v1.0/Scripts/Utilities/Enums/SortingLayers.cs
  artifactKey: Guid(eed55349a7abe4944ad3a3156896ae86) Importer(815301076,1909f56bfc062723c751e8b465ee728b)
Start importing Assets/VT-Framework-v1.0/Scripts/Utilities/Enums/SortingLayers.cs using Guid(eed55349a7abe4944ad3a3156896ae86) Importer(815301076,1909f56bfc062723c751e8b465ee728b)  -> (artifact id: '7e81f94d395873ba6da02a1153daef27') in 0.003469 seconds 
  Import took 0.007906 seconds .

========================================================================
Received Import Request.
  Time since last request: 20.369333 seconds.
  path: Assets/VT-Framework-v1.0/Scripts/Utilities/Enums/SortingLayers.cs
  artifactKey: Guid(eed55349a7abe4944ad3a3156896ae86) Importer(815301076,1909f56bfc062723c751e8b465ee728b)
Start importing Assets/VT-Framework-v1.0/Scripts/Utilities/Enums/SortingLayers.cs using Guid(eed55349a7abe4944ad3a3156896ae86) Importer(815301076,1909f56bfc062723c751e8b465ee728b)  -> (artifact id: '6858aa934e61b8f1d607f2134b0b466d') in 0.004444 seconds 
  Import took 0.009078 seconds .

========================================================================
Received Import Request.
  Time since last request: 15.819443 seconds.
  path: Assets/VT-Framework-v1.0/Scripts/Utilities/Enums/SortingLayer.cs
  artifactKey: Guid(eed55349a7abe4944ad3a3156896ae86) Importer(815301076,1909f56bfc062723c751e8b465ee728b)
Start importing Assets/VT-Framework-v1.0/Scripts/Utilities/Enums/SortingLayer.cs using Guid(eed55349a7abe4944ad3a3156896ae86) Importer(815301076,1909f56bfc062723c751e8b465ee728b)  -> (artifact id: '6515c4e426f8b8e4f85e4a376ccfdbfa') in 0.008710 seconds 
  Import took 0.013919 seconds .

========================================================================
Received Import Request.
  Time since last request: 302.794649 seconds.
  path: Assets/VT-Framework-v1.0/Scripts/Audio/Resources
  artifactKey: Guid(f5f5f42204402264dbc8d7a5ddc8f072) Importer(815301076,1909f56bfc062723c751e8b465ee728b)
Start importing Assets/VT-Framework-v1.0/Scripts/Audio/Resources using Guid(f5f5f42204402264dbc8d7a5ddc8f072) Importer(815301076,1909f56bfc062723c751e8b465ee728b)  -> (artifact id: 'b1414d1f727ebc560cee68424b985475') in 0.008436 seconds 
  Import took 0.013416 seconds .

========================================================================
Received Prepare
Registering precompiled user dll's ...
Registered in 0.019833 seconds.
Begin MonoManager ReloadAssembly
Native extension for WindowsStandalone target not found
Refreshing native plugins compatible for Editor in 0.74 ms, found 2 plugins.
Preloading 0 native plugins for Editor in 0.00 ms.
[ScriptCompilation] NOT recompiling all scripts because this is an import worker process. Reason to compile was: Define symbols changed
Mono: successfully reloaded assembly
- Completed reload, in  1.668 seconds
Platform modules already initialized, skipping
Shader 'Universal Render Pipeline/Particles/Lit': fallback shader 'Universal Render Pipeline/Particles/SimpleLit' not found
Refreshing native plugins compatible for Editor in 0.70 ms, found 2 plugins.
Preloading 0 native plugins for Editor in 0.00 ms.
Unloading 3067 Unused Serialized files (Serialized files now loaded: 0)
System memory in use before: 161.3 MB.
System memory in use after: 161.3 MB.

Unloading 33 unused Assets to reduce memory usage. Loaded Objects now: 3668.
Total: 22.889300 ms (FindLiveObjects: 0.297800 ms CreateObjectMapping: 0.117400 ms MarkObjects: 22.338300 ms  DeleteObjects: 0.133700 ms)

AssetImportParameters requested are different than current active one (requested -> active):
  custom:framework-win-MediaFoundation: 216162199b28c13a410421893ffa2e32 -> 
  custom:video-decoder-ogg-theora: a1e56fd34408186e4bbccfd4996cb3dc -> 
  custom:container-muxer-webm: aa71ff27fc2769a1b78a27578f13a17b -> 
  custom:container-demuxer-webm: 4f35f7cbe854078d1ac9338744f61a02 -> 
  custom:container-demuxer-ogg: 62fdf1f143b41e24485cea50d1cbac27 -> 
  custom:video-encoder-webm-vp8: eb34c28f22e8b96e1ab97ce403110664 -> 
  custom:video-codec-MediaFoundation-h265: 746d11721c4dcdbdad8f713fa42b33f4 -> 
  custom:video-decoder-webm-vp8: 9c59270c3fd7afecdb556c50c9e8de78 -> 
  custom:audio-decoder-ogg-vorbis: bf7c407c2cedff20999df2af8eb42d56 -> 
  custom:audio-encoder-webm-vorbis: bf7c407c2cedff20999df2af8eb42d56 -> 
========================================================================
Received Prepare
Registering precompiled user dll's ...
Registered in 0.015699 seconds.
Begin MonoManager ReloadAssembly
Native extension for WindowsStandalone target not found
Refreshing native plugins compatible for Editor in 0.79 ms, found 2 plugins.
Preloading 0 native plugins for Editor in 0.00 ms.
Mono: successfully reloaded assembly
- Completed reload, in  1.654 seconds
Platform modules already initialized, skipping
Shader 'Universal Render Pipeline/Particles/Lit': fallback shader 'Universal Render Pipeline/Particles/SimpleLit' not found
Refreshing native plugins compatible for Editor in 0.99 ms, found 2 plugins.
Preloading 0 native plugins for Editor in 0.00 ms.
Unloading 3067 Unused Serialized files (Serialized files now loaded: 0)
System memory in use before: 161.2 MB.
System memory in use after: 161.1 MB.

Unloading 32 unused Assets to reduce memory usage. Loaded Objects now: 3672.
Total: 27.466400 ms (FindLiveObjects: 0.650100 ms CreateObjectMapping: 0.242800 ms MarkObjects: 26.421800 ms  DeleteObjects: 0.149900 ms)

AssetImportParameters requested are different than current active one (requested -> active):
  custom:framework-win-MediaFoundation: 216162199b28c13a410421893ffa2e32 -> 
  custom:video-decoder-ogg-theora: a1e56fd34408186e4bbccfd4996cb3dc -> 
  custom:container-muxer-webm: aa71ff27fc2769a1b78a27578f13a17b -> 
  custom:container-demuxer-webm: 4f35f7cbe854078d1ac9338744f61a02 -> 
  custom:container-demuxer-ogg: 62fdf1f143b41e24485cea50d1cbac27 -> 
  custom:video-encoder-webm-vp8: eb34c28f22e8b96e1ab97ce403110664 -> 
  custom:video-codec-MediaFoundation-h265: 746d11721c4dcdbdad8f713fa42b33f4 -> 
  custom:video-decoder-webm-vp8: 9c59270c3fd7afecdb556c50c9e8de78 -> 
  custom:audio-decoder-ogg-vorbis: bf7c407c2cedff20999df2af8eb42d56 -> 
  custom:audio-encoder-webm-vorbis: bf7c407c2cedff20999df2af8eb42d56 -> 
========================================================================
Received Prepare
Registering precompiled user dll's ...
Registered in 0.021003 seconds.
Begin MonoManager ReloadAssembly
Native extension for WindowsStandalone target not found
Refreshing native plugins compatible for Editor in 0.69 ms, found 2 plugins.
Preloading 0 native plugins for Editor in 0.00 ms.
Mono: successfully reloaded assembly
- Completed reload, in  1.650 seconds
Platform modules already initialized, skipping
Shader 'Universal Render Pipeline/Particles/Lit': fallback shader 'Universal Render Pipeline/Particles/SimpleLit' not found
Refreshing native plugins compatible for Editor in 0.72 ms, found 2 plugins.
Preloading 0 native plugins for Editor in 0.00 ms.
Unloading 3066 Unused Serialized files (Serialized files now loaded: 0)
System memory in use before: 161.2 MB.
System memory in use after: 161.2 MB.

Unloading 32 unused Assets to reduce memory usage. Loaded Objects now: 3675.
Total: 24.274600 ms (FindLiveObjects: 0.311100 ms CreateObjectMapping: 0.136000 ms MarkObjects: 23.678300 ms  DeleteObjects: 0.147200 ms)

AssetImportParameters requested are different than current active one (requested -> active):
  custom:framework-win-MediaFoundation: 216162199b28c13a410421893ffa2e32 -> 
  custom:video-decoder-ogg-theora: a1e56fd34408186e4bbccfd4996cb3dc -> 
  custom:container-muxer-webm: aa71ff27fc2769a1b78a27578f13a17b -> 
  custom:container-demuxer-webm: 4f35f7cbe854078d1ac9338744f61a02 -> 
  custom:container-demuxer-ogg: 62fdf1f143b41e24485cea50d1cbac27 -> 
  custom:video-encoder-webm-vp8: eb34c28f22e8b96e1ab97ce403110664 -> 
  custom:video-codec-MediaFoundation-h265: 746d11721c4dcdbdad8f713fa42b33f4 -> 
  custom:video-decoder-webm-vp8: 9c59270c3fd7afecdb556c50c9e8de78 -> 
  custom:audio-decoder-ogg-vorbis: bf7c407c2cedff20999df2af8eb42d56 -> 
  custom:audio-encoder-webm-vorbis: bf7c407c2cedff20999df2af8eb42d56 -> 
========================================================================
Received Import Request.
  Time since last request: 279.609077 seconds.
  path: Assets/VT-Framework-v1.0/Scripts/Audio/Resources/New Audio Library SO.asset
  artifactKey: Guid(6c5717ef401871a49a907db5d7a1c9ac) Importer(815301076,1909f56bfc062723c751e8b465ee728b)
Start importing Assets/VT-Framework-v1.0/Scripts/Audio/Resources/New Audio Library SO.asset using Guid(6c5717ef401871a49a907db5d7a1c9ac) Importer(815301076,1909f56bfc062723c751e8b465ee728b)  -> (artifact id: '95adaec583d9a5299b1993b1f6354372') in 0.094598 seconds 
  Import took 0.101875 seconds .

========================================================================
Received Import Request.
  Time since last request: 5.685772 seconds.
  path: Assets/VT-Framework-v1.0/Scripts/Audio/Resources/AudioLibrarySO.asset
  artifactKey: Guid(6c5717ef401871a49a907db5d7a1c9ac) Importer(815301076,1909f56bfc062723c751e8b465ee728b)
Start importing Assets/VT-Framework-v1.0/Scripts/Audio/Resources/AudioLibrarySO.asset using Guid(6c5717ef401871a49a907db5d7a1c9ac) Importer(815301076,1909f56bfc062723c751e8b465ee728b)  -> (artifact id: 'b6210d69e557043d7600fbc49b278b46') in 0.008448 seconds 
  Import took 0.013987 seconds .

========================================================================
Received Prepare
Registering precompiled user dll's ...
Registered in 0.019545 seconds.
Begin MonoManager ReloadAssembly
Native extension for WindowsStandalone target not found
Refreshing native plugins compatible for Editor in 0.73 ms, found 2 plugins.
Preloading 0 native plugins for Editor in 0.00 ms.
Mono: successfully reloaded assembly
- Completed reload, in  1.604 seconds
Platform modules already initialized, skipping
Shader 'Universal Render Pipeline/Particles/Lit': fallback shader 'Universal Render Pipeline/Particles/SimpleLit' not found
Refreshing native plugins compatible for Editor in 0.72 ms, found 2 plugins.
Preloading 0 native plugins for Editor in 0.00 ms.
Unloading 3067 Unused Serialized files (Serialized files now loaded: 0)
System memory in use before: 161.3 MB.
System memory in use after: 161.2 MB.

Unloading 32 unused Assets to reduce memory usage. Loaded Objects now: 3679.
Total: 24.555500 ms (FindLiveObjects: 0.276400 ms CreateObjectMapping: 0.132600 ms MarkObjects: 23.988900 ms  DeleteObjects: 0.155400 ms)

AssetImportParameters requested are different than current active one (requested -> active):
  custom:framework-win-MediaFoundation: 216162199b28c13a410421893ffa2e32 -> 
  custom:video-decoder-ogg-theora: a1e56fd34408186e4bbccfd4996cb3dc -> 
  custom:container-muxer-webm: aa71ff27fc2769a1b78a27578f13a17b -> 
  custom:container-demuxer-webm: 4f35f7cbe854078d1ac9338744f61a02 -> 
  custom:container-demuxer-ogg: 62fdf1f143b41e24485cea50d1cbac27 -> 
  custom:video-encoder-webm-vp8: eb34c28f22e8b96e1ab97ce403110664 -> 
  custom:video-codec-MediaFoundation-h265: 746d11721c4dcdbdad8f713fa42b33f4 -> 
  custom:video-decoder-webm-vp8: 9c59270c3fd7afecdb556c50c9e8de78 -> 
  custom:audio-decoder-ogg-vorbis: bf7c407c2cedff20999df2af8eb42d56 -> 
  custom:audio-encoder-webm-vorbis: bf7c407c2cedff20999df2af8eb42d56 -> 
========================================================================
Received Import Request.
  Time since last request: 94.541134 seconds.
  path: Assets/VT-Framework-v1.0/Scripts/Code Generator/Editor/Generators/Enums/Damage Number Pro Prefabs/DNPPrefabsEnumGenerator.cs
  artifactKey: Guid(cb0756d778ee07f4fbd437d0168b2679) Importer(815301076,1909f56bfc062723c751e8b465ee728b)
Start importing Assets/VT-Framework-v1.0/Scripts/Code Generator/Editor/Generators/Enums/Damage Number Pro Prefabs/DNPPrefabsEnumGenerator.cs using Guid(cb0756d778ee07f4fbd437d0168b2679) Importer(815301076,1909f56bfc062723c751e8b465ee728b)  -> (artifact id: '9ef32380b8738a8fbf540a81422c1b07') in 0.010996 seconds 
  Import took 0.016655 seconds .

========================================================================
Received Import Request.
  Time since last request: 12.608299 seconds.
  path: Assets/VT-Framework-v1.0/Scripts/Code Generator/Editor/Generators/Enums/Game Specific/PoolTypeEnumGenerator.cs
  artifactKey: Guid(df87ca0770506604ea237ffb60c96c12) Importer(815301076,1909f56bfc062723c751e8b465ee728b)
Start importing Assets/VT-Framework-v1.0/Scripts/Code Generator/Editor/Generators/Enums/Game Specific/PoolTypeEnumGenerator.cs using Guid(df87ca0770506604ea237ffb60c96c12) Importer(815301076,1909f56bfc062723c751e8b465ee728b)  -> (artifact id: '546cd64c36051bc4afc1e8a252cc74de') in 0.007435 seconds 
  Import took 0.012701 seconds .

========================================================================
Received Import Request.
  Time since last request: 19.513984 seconds.
  path: Assets/VT-Framework-v1.0/Scripts/Code Generator/Editor/Generators/Enums/Utilities
  artifactKey: Guid(5906cad7dcfbbc54f8b946cc330a37dd) Importer(815301076,1909f56bfc062723c751e8b465ee728b)
Start importing Assets/VT-Framework-v1.0/Scripts/Code Generator/Editor/Generators/Enums/Utilities using Guid(5906cad7dcfbbc54f8b946cc330a37dd) Importer(815301076,1909f56bfc062723c751e8b465ee728b)  -> (artifact id: 'e0dda934dc567b3efc3ec5c3deada7fb') in 0.007437 seconds 
  Import took 0.012111 seconds .

========================================================================
Received Prepare
Registering precompiled user dll's ...
Registered in 0.019582 seconds.
Begin MonoManager ReloadAssembly
Native extension for WindowsStandalone target not found
Refreshing native plugins compatible for Editor in 0.71 ms, found 2 plugins.
Preloading 0 native plugins for Editor in 0.00 ms.
Mono: successfully reloaded assembly
- Completed reload, in  1.555 seconds
Platform modules already initialized, skipping
Shader 'Universal Render Pipeline/Particles/Lit': fallback shader 'Universal Render Pipeline/Particles/SimpleLit' not found
Refreshing native plugins compatible for Editor in 0.71 ms, found 2 plugins.
Preloading 0 native plugins for Editor in 0.00 ms.
Unloading 3066 Unused Serialized files (Serialized files now loaded: 0)
System memory in use before: 161.2 MB.
System memory in use after: 161.2 MB.

Unloading 32 unused Assets to reduce memory usage. Loaded Objects now: 3682.
Total: 22.917600 ms (FindLiveObjects: 0.289300 ms CreateObjectMapping: 0.105500 ms MarkObjects: 22.368200 ms  DeleteObjects: 0.153000 ms)

AssetImportParameters requested are different than current active one (requested -> active):
  custom:framework-win-MediaFoundation: 216162199b28c13a410421893ffa2e32 -> 
  custom:video-decoder-ogg-theora: a1e56fd34408186e4bbccfd4996cb3dc -> 
  custom:container-muxer-webm: aa71ff27fc2769a1b78a27578f13a17b -> 
  custom:container-demuxer-webm: 4f35f7cbe854078d1ac9338744f61a02 -> 
  custom:container-demuxer-ogg: 62fdf1f143b41e24485cea50d1cbac27 -> 
  custom:video-encoder-webm-vp8: eb34c28f22e8b96e1ab97ce403110664 -> 
  custom:video-codec-MediaFoundation-h265: 746d11721c4dcdbdad8f713fa42b33f4 -> 
  custom:video-decoder-webm-vp8: 9c59270c3fd7afecdb556c50c9e8de78 -> 
  custom:audio-decoder-ogg-vorbis: bf7c407c2cedff20999df2af8eb42d56 -> 
  custom:audio-encoder-webm-vorbis: bf7c407c2cedff20999df2af8eb42d56 -> 
========================================================================
Received Import Request.
  Time since last request: 35.160897 seconds.
  path: Assets/VT-Framework-v1.0/Scripts/Code Generator/Editor/Generators/Enums/Game Object Pooling
  artifactKey: Guid(f63da6a7ca7d06d44af8fcdb1f468427) Importer(815301076,1909f56bfc062723c751e8b465ee728b)
Start importing Assets/VT-Framework-v1.0/Scripts/Code Generator/Editor/Generators/Enums/Game Object Pooling using Guid(f63da6a7ca7d06d44af8fcdb1f468427) Importer(815301076,1909f56bfc062723c751e8b465ee728b)  -> (artifact id: 'bb12ae64000e5473687c41412bf7291d') in 0.011819 seconds 
  Import took 0.018223 seconds .

========================================================================
Received Prepare
Registering precompiled user dll's ...
Registered in 0.018073 seconds.
Begin MonoManager ReloadAssembly
Native extension for WindowsStandalone target not found
Refreshing native plugins compatible for Editor in 0.75 ms, found 2 plugins.
Preloading 0 native plugins for Editor in 0.00 ms.
Mono: successfully reloaded assembly
- Completed reload, in  1.540 seconds
Platform modules already initialized, skipping
Shader 'Universal Render Pipeline/Particles/Lit': fallback shader 'Universal Render Pipeline/Particles/SimpleLit' not found
Refreshing native plugins compatible for Editor in 0.78 ms, found 2 plugins.
Preloading 0 native plugins for Editor in 0.00 ms.
Unloading 3066 Unused Serialized files (Serialized files now loaded: 0)
System memory in use before: 161.3 MB.
System memory in use after: 161.2 MB.

Unloading 32 unused Assets to reduce memory usage. Loaded Objects now: 3685.
Total: 27.271700 ms (FindLiveObjects: 0.306200 ms CreateObjectMapping: 0.179700 ms MarkObjects: 26.628800 ms  DeleteObjects: 0.155400 ms)

AssetImportParameters requested are different than current active one (requested -> active):
  custom:framework-win-MediaFoundation: 216162199b28c13a410421893ffa2e32 -> 
  custom:video-decoder-ogg-theora: a1e56fd34408186e4bbccfd4996cb3dc -> 
  custom:container-muxer-webm: aa71ff27fc2769a1b78a27578f13a17b -> 
  custom:container-demuxer-webm: 4f35f7cbe854078d1ac9338744f61a02 -> 
  custom:container-demuxer-ogg: 62fdf1f143b41e24485cea50d1cbac27 -> 
  custom:video-encoder-webm-vp8: eb34c28f22e8b96e1ab97ce403110664 -> 
  custom:video-codec-MediaFoundation-h265: 746d11721c4dcdbdad8f713fa42b33f4 -> 
  custom:video-decoder-webm-vp8: 9c59270c3fd7afecdb556c50c9e8de78 -> 
  custom:audio-decoder-ogg-vorbis: bf7c407c2cedff20999df2af8eb42d56 -> 
  custom:audio-encoder-webm-vorbis: bf7c407c2cedff20999df2af8eb42d56 -> 
========================================================================
Received Import Request.
  Time since last request: 18.333921 seconds.
  path: Assets/VT-Framework-v1.0/Scripts/Code Generator/Editor/Generators/Enums/Utilities/SortingLayerEnumGenerator.cs
  artifactKey: Guid(384b40361ee55b3438ecae025a9d9c78) Importer(815301076,1909f56bfc062723c751e8b465ee728b)
Start importing Assets/VT-Framework-v1.0/Scripts/Code Generator/Editor/Generators/Enums/Utilities/SortingLayerEnumGenerator.cs using Guid(384b40361ee55b3438ecae025a9d9c78) Importer(815301076,1909f56bfc062723c751e8b465ee728b)  -> (artifact id: '5d37d90a303af847f9c77f9927bfcded') in 0.009446 seconds 
  Import took 0.015152 seconds .

========================================================================
Received Prepare
Registering precompiled user dll's ...
Registered in 0.017414 seconds.
Begin MonoManager ReloadAssembly
Native extension for WindowsStandalone target not found
Refreshing native plugins compatible for Editor in 0.71 ms, found 2 plugins.
Preloading 0 native plugins for Editor in 0.00 ms.
Mono: successfully reloaded assembly
- Completed reload, in  1.497 seconds
Platform modules already initialized, skipping
Shader 'Universal Render Pipeline/Particles/Lit': fallback shader 'Universal Render Pipeline/Particles/SimpleLit' not found
Refreshing native plugins compatible for Editor in 0.72 ms, found 2 plugins.
Preloading 0 native plugins for Editor in 0.00 ms.
Unloading 3066 Unused Serialized files (Serialized files now loaded: 0)
System memory in use before: 161.3 MB.
System memory in use after: 161.2 MB.

Unloading 32 unused Assets to reduce memory usage. Loaded Objects now: 3688.
Total: 24.335300 ms (FindLiveObjects: 0.306000 ms CreateObjectMapping: 0.128100 ms MarkObjects: 23.753500 ms  DeleteObjects: 0.146600 ms)

AssetImportParameters requested are different than current active one (requested -> active):
  custom:framework-win-MediaFoundation: 216162199b28c13a410421893ffa2e32 -> 
  custom:video-decoder-ogg-theora: a1e56fd34408186e4bbccfd4996cb3dc -> 
  custom:container-muxer-webm: aa71ff27fc2769a1b78a27578f13a17b -> 
  custom:container-demuxer-webm: 4f35f7cbe854078d1ac9338744f61a02 -> 
  custom:container-demuxer-ogg: 62fdf1f143b41e24485cea50d1cbac27 -> 
  custom:video-encoder-webm-vp8: eb34c28f22e8b96e1ab97ce403110664 -> 
  custom:video-codec-MediaFoundation-h265: 746d11721c4dcdbdad8f713fa42b33f4 -> 
  custom:video-decoder-webm-vp8: 9c59270c3fd7afecdb556c50c9e8de78 -> 
  custom:audio-decoder-ogg-vorbis: bf7c407c2cedff20999df2af8eb42d56 -> 
  custom:audio-encoder-webm-vorbis: bf7c407c2cedff20999df2af8eb42d56 -> 
========================================================================
Received Import Request.
  Time since last request: 54.845502 seconds.
  path: Assets/VT-Framework-v1.0/Scripts/Code Generator/Editor/Generators/Enums/Utilities/SortingLayerEnumGenerator.cs
  artifactKey: Guid(384b40361ee55b3438ecae025a9d9c78) Importer(815301076,1909f56bfc062723c751e8b465ee728b)
Start importing Assets/VT-Framework-v1.0/Scripts/Code Generator/Editor/Generators/Enums/Utilities/SortingLayerEnumGenerator.cs using Guid(384b40361ee55b3438ecae025a9d9c78) Importer(815301076,1909f56bfc062723c751e8b465ee728b)  -> (artifact id: '545afda6dde353966f8b300c48806e6c') in 0.006476 seconds 
  Import took 0.011790 seconds .

========================================================================
Received Prepare
Registering precompiled user dll's ...
Registered in 0.015899 seconds.
Begin MonoManager ReloadAssembly
Native extension for WindowsStandalone target not found
Refreshing native plugins compatible for Editor in 0.72 ms, found 2 plugins.
Preloading 0 native plugins for Editor in 0.00 ms.
Mono: successfully reloaded assembly
- Completed reload, in  1.535 seconds
Platform modules already initialized, skipping
Shader 'Universal Render Pipeline/Particles/Lit': fallback shader 'Universal Render Pipeline/Particles/SimpleLit' not found
Refreshing native plugins compatible for Editor in 0.72 ms, found 2 plugins.
Preloading 0 native plugins for Editor in 0.00 ms.
Unloading 3066 Unused Serialized files (Serialized files now loaded: 0)
System memory in use before: 161.3 MB.
System memory in use after: 161.2 MB.

Unloading 32 unused Assets to reduce memory usage. Loaded Objects now: 3691.
Total: 23.030200 ms (FindLiveObjects: 0.284700 ms CreateObjectMapping: 0.141400 ms MarkObjects: 22.448100 ms  DeleteObjects: 0.154400 ms)

AssetImportParameters requested are different than current active one (requested -> active):
  custom:framework-win-MediaFoundation: 216162199b28c13a410421893ffa2e32 -> 
  custom:video-decoder-ogg-theora: a1e56fd34408186e4bbccfd4996cb3dc -> 
  custom:container-muxer-webm: aa71ff27fc2769a1b78a27578f13a17b -> 
  custom:container-demuxer-webm: 4f35f7cbe854078d1ac9338744f61a02 -> 
  custom:container-demuxer-ogg: 62fdf1f143b41e24485cea50d1cbac27 -> 
  custom:video-encoder-webm-vp8: eb34c28f22e8b96e1ab97ce403110664 -> 
  custom:video-codec-MediaFoundation-h265: 746d11721c4dcdbdad8f713fa42b33f4 -> 
  custom:video-decoder-webm-vp8: 9c59270c3fd7afecdb556c50c9e8de78 -> 
  custom:audio-decoder-ogg-vorbis: bf7c407c2cedff20999df2af8eb42d56 -> 
  custom:audio-encoder-webm-vorbis: bf7c407c2cedff20999df2af8eb42d56 -> 
========================================================================
Received Import Request.
  Time since last request: 46.246227 seconds.
  path: Assets/VT-Framework-v1.0/Scripts/Code Generator/Editor/Generators/Enums/Utilities/SortingLayerEnumGenerator.cs
  artifactKey: Guid(384b40361ee55b3438ecae025a9d9c78) Importer(815301076,1909f56bfc062723c751e8b465ee728b)
Start importing Assets/VT-Framework-v1.0/Scripts/Code Generator/Editor/Generators/Enums/Utilities/SortingLayerEnumGenerator.cs using Guid(384b40361ee55b3438ecae025a9d9c78) Importer(815301076,1909f56bfc062723c751e8b465ee728b)  -> (artifact id: '409f2c3fa8405aa1d1b4fd0643a60c87') in 0.006668 seconds 
  Import took 0.012154 seconds .

========================================================================
Received Prepare
Registering precompiled user dll's ...
Registered in 0.016813 seconds.
Begin MonoManager ReloadAssembly
Native extension for WindowsStandalone target not found
Refreshing native plugins compatible for Editor in 0.70 ms, found 2 plugins.
Preloading 0 native plugins for Editor in 0.00 ms.
Mono: successfully reloaded assembly
- Completed reload, in  1.532 seconds
Platform modules already initialized, skipping
Shader 'Universal Render Pipeline/Particles/Lit': fallback shader 'Universal Render Pipeline/Particles/SimpleLit' not found
Refreshing native plugins compatible for Editor in 0.70 ms, found 2 plugins.
Preloading 0 native plugins for Editor in 0.00 ms.
Unloading 3066 Unused Serialized files (Serialized files now loaded: 0)
System memory in use before: 161.3 MB.
System memory in use after: 161.3 MB.

Unloading 32 unused Assets to reduce memory usage. Loaded Objects now: 3694.
Total: 22.864800 ms (FindLiveObjects: 0.298800 ms CreateObjectMapping: 0.120000 ms MarkObjects: 22.292400 ms  DeleteObjects: 0.152200 ms)

AssetImportParameters requested are different than current active one (requested -> active):
  custom:framework-win-MediaFoundation: 216162199b28c13a410421893ffa2e32 -> 
  custom:video-decoder-ogg-theora: a1e56fd34408186e4bbccfd4996cb3dc -> 
  custom:container-muxer-webm: aa71ff27fc2769a1b78a27578f13a17b -> 
  custom:container-demuxer-webm: 4f35f7cbe854078d1ac9338744f61a02 -> 
  custom:container-demuxer-ogg: 62fdf1f143b41e24485cea50d1cbac27 -> 
  custom:video-encoder-webm-vp8: eb34c28f22e8b96e1ab97ce403110664 -> 
  custom:video-codec-MediaFoundation-h265: 746d11721c4dcdbdad8f713fa42b33f4 -> 
  custom:video-decoder-webm-vp8: 9c59270c3fd7afecdb556c50c9e8de78 -> 
  custom:audio-decoder-ogg-vorbis: bf7c407c2cedff20999df2af8eb42d56 -> 
  custom:audio-encoder-webm-vorbis: bf7c407c2cedff20999df2af8eb42d56 -> 
========================================================================
Received Import Request.
  Time since last request: 85.347787 seconds.
  path: Assets/VT-Framework-v1.0/Scripts/Code Generator/Editor/Generators/Enums/Game Specific/SceneInBuildEnumGenerator.cs
  artifactKey: Guid(aa19b33a2a71a7e4b94691cbfb59c640) Importer(815301076,1909f56bfc062723c751e8b465ee728b)
Start importing Assets/VT-Framework-v1.0/Scripts/Code Generator/Editor/Generators/Enums/Game Specific/SceneInBuildEnumGenerator.cs using Guid(aa19b33a2a71a7e4b94691cbfb59c640) Importer(815301076,1909f56bfc062723c751e8b465ee728b)  -> (artifact id: '30af9d0d6f6a968e0ba18c62656a7b57') in 0.012437 seconds 
  Import took 0.018962 seconds .

========================================================================
Received Prepare
Registering precompiled user dll's ...
Registered in 0.015536 seconds.
Begin MonoManager ReloadAssembly
Native extension for WindowsStandalone target not found
Refreshing native plugins compatible for Editor in 0.72 ms, found 2 plugins.
Preloading 0 native plugins for Editor in 0.00 ms.
Mono: successfully reloaded assembly
- Completed reload, in  1.528 seconds
Platform modules already initialized, skipping
Shader 'Universal Render Pipeline/Particles/Lit': fallback shader 'Universal Render Pipeline/Particles/SimpleLit' not found
Refreshing native plugins compatible for Editor in 0.70 ms, found 2 plugins.
Preloading 0 native plugins for Editor in 0.00 ms.
Unloading 3066 Unused Serialized files (Serialized files now loaded: 0)
System memory in use before: 161.3 MB.
System memory in use after: 161.3 MB.

Unloading 32 unused Assets to reduce memory usage. Loaded Objects now: 3697.
Total: 22.859800 ms (FindLiveObjects: 0.308400 ms CreateObjectMapping: 0.109000 ms MarkObjects: 22.279200 ms  DeleteObjects: 0.161300 ms)

AssetImportParameters requested are different than current active one (requested -> active):
  custom:framework-win-MediaFoundation: 216162199b28c13a410421893ffa2e32 -> 
  custom:video-decoder-ogg-theora: a1e56fd34408186e4bbccfd4996cb3dc -> 
  custom:container-muxer-webm: aa71ff27fc2769a1b78a27578f13a17b -> 
  custom:container-demuxer-webm: 4f35f7cbe854078d1ac9338744f61a02 -> 
  custom:container-demuxer-ogg: 62fdf1f143b41e24485cea50d1cbac27 -> 
  custom:video-encoder-webm-vp8: eb34c28f22e8b96e1ab97ce403110664 -> 
  custom:video-codec-MediaFoundation-h265: 746d11721c4dcdbdad8f713fa42b33f4 -> 
  custom:video-decoder-webm-vp8: 9c59270c3fd7afecdb556c50c9e8de78 -> 
  custom:audio-decoder-ogg-vorbis: bf7c407c2cedff20999df2af8eb42d56 -> 
  custom:audio-encoder-webm-vorbis: bf7c407c2cedff20999df2af8eb42d56 -> 
========================================================================
Received Import Request.
  Time since last request: 25.090730 seconds.
  path: Assets/VT-Framework-v1.0/Scripts/Code Generator/Editor/Generators/Enums/Game Specific/SceneInBuildEnumGenerator.cs
  artifactKey: Guid(aa19b33a2a71a7e4b94691cbfb59c640) Importer(815301076,1909f56bfc062723c751e8b465ee728b)
Start importing Assets/VT-Framework-v1.0/Scripts/Code Generator/Editor/Generators/Enums/Game Specific/SceneInBuildEnumGenerator.cs using Guid(aa19b33a2a71a7e4b94691cbfb59c640) Importer(815301076,1909f56bfc062723c751e8b465ee728b)  -> (artifact id: '33302461816bdaa45c27f6fcf6f0bb0e') in 0.006377 seconds 
  Import took 0.012149 seconds .

========================================================================
Received Import Request.
  Time since last request: 6.084150 seconds.
  path: Assets/VT-Framework-v1.0/Scripts/Code Generator/Editor/Generators/Class/GenericScriptableObjectClassGenerator.cs
  artifactKey: Guid(757829660cc7d004582d4be08cd19764) Importer(815301076,1909f56bfc062723c751e8b465ee728b)
Start importing Assets/VT-Framework-v1.0/Scripts/Code Generator/Editor/Generators/Class/GenericScriptableObjectClassGenerator.cs using Guid(757829660cc7d004582d4be08cd19764) Importer(815301076,1909f56bfc062723c751e8b465ee728b)  -> (artifact id: '192994c12cb407bb74065b2c67804630') in 0.007426 seconds 
  Import took 0.013156 seconds .

========================================================================
Received Import Request.
  Time since last request: 0.001680 seconds.
  path: Assets/VT-Framework-v1.0/Scripts/Code Generator/Editor/Generators/Class/GenericScriptableObjectClassGenerator.cs
  artifactKey: Guid(757829660cc7d004582d4be08cd19764) Importer(815301076,1909f56bfc062723c751e8b465ee728b)
Start importing Assets/VT-Framework-v1.0/Scripts/Code Generator/Editor/Generators/Class/GenericScriptableObjectClassGenerator.cs using Guid(757829660cc7d004582d4be08cd19764) Importer(815301076,1909f56bfc062723c751e8b465ee728b)  -> (artifact id: '192994c12cb407bb74065b2c67804630') in 0.004218 seconds 
  Import took 0.008934 seconds .

========================================================================
Received Import Request.
  Time since last request: 5.562586 seconds.
  path: Assets/VT-Framework-v1.0/Scripts/Code Generator/Editor/Generators/Class/ClassGenerator.cs
  artifactKey: Guid(38fd62bf0a0bc334ba20dd30c434d10b) Importer(815301076,1909f56bfc062723c751e8b465ee728b)
Start importing Assets/VT-Framework-v1.0/Scripts/Code Generator/Editor/Generators/Class/ClassGenerator.cs using Guid(38fd62bf0a0bc334ba20dd30c434d10b) Importer(815301076,1909f56bfc062723c751e8b465ee728b)  -> (artifact id: '011c8202b6912f88d7132c81a51dfcee') in 0.009522 seconds 
  Import took 0.014398 seconds .

AssetImportWorkerClient::OnTransportError - code=2 error=End of file
